<?xml version="1.0" encoding="UTF-8"?>
<!-- Generated by org.testng.reporters.JUnitReportReporter -->
<testsuite hostname="MC0YW51C" failures="0" tests="1" name="dynamicLoading.DynamicLoadingTest" time="17.083" errors="0" timestamp="21 maj 2019 07:36:13 GMT" skipped="0">
  <testcase classname="dynamicLoading.DynamicLoadingTest" name="test" time="17.083"/>
</testsuite> <!-- dynamicLoading.DynamicLoadingTest -->
