<?xml version="1.0" encoding="UTF-8"?>
<!-- Generated by org.testng.reporters.JUnitReportReporter -->
<testsuite hostname="MC0YW51C" failures="0" tests="1" name="sampleTest" time="12.559" errors="0" timestamp="17 maj 2019 09:14:07 GMT" skipped="0">
  <testcase classname="sampleTest" name="test" time="12.559"/>
</testsuite> <!-- sampleTest -->
