<?xml version="1.0" encoding="UTF-8"?>
<!-- Generated by org.testng.reporters.JUnitReportReporter -->
<testsuite hostname="MC0YW51C" failures="0" tests="1" name="AlertFunctionTest" time="16.311" errors="0" timestamp="21 maj 2019 07:36:13 GMT" skipped="0">
  <testcase classname="AlertFunctionTest" name="test" time="16.311"/>
</testsuite> <!-- AlertFunctionTest -->
