<?xml version="1.0" encoding="UTF-8"?>
<!-- Generated by org.testng.reporters.JUnitReportReporter -->
<testsuite hostname="MC0YW51C" failures="0" tests="1" name="notificationMessage.NotificationMessageTest" time="15.557" errors="0" timestamp="21 maj 2019 07:36:13 GMT" skipped="0">
  <testcase classname="notificationMessage.NotificationMessageTest" name="test" time="15.557"/>
</testsuite> <!-- notificationMessage.NotificationMessageTest -->
