<?xml version="1.0" encoding="UTF-8"?>
<!-- Generated by org.testng.reporters.JUnitReportReporter -->
<testsuite hostname="MC0YW51C" failures="0" tests="1" name="dropDownListTest.DropDownListSelectionTest" time="16.486" errors="0" timestamp="20 maj 2019 13:23:59 GMT" skipped="0">
  <testcase classname="dropDownListTest.DropDownListSelectionTest" name="test" time="16.486"/>
</testsuite> <!-- dropDownListTest.DropDownListSelectionTest -->
