<?xml version="1.0" encoding="UTF-8"?>
<!-- Generated by org.testng.reporters.JUnitReportReporter -->
<testsuite hostname="MC0YW51C" failures="0" tests="1" name="dynamicLoading.DynamicLoadingTest" time="17.210" errors="0" timestamp="21 maj 2019 09:01:39 GMT" skipped="0">
  <testcase classname="dynamicLoading.DynamicLoadingTest" name="test" time="17.210"/>
</testsuite> <!-- dynamicLoading.DynamicLoadingTest -->
