<?xml version="1.0" encoding="UTF-8"?>
<!-- Generated by org.testng.reporters.JUnitReportReporter -->
<testsuite hostname="MC0YW51C" failures="0" tests="1" name="dropDownListTest.DropDownListSelectionTest" time="14.544" errors="0" timestamp="21 maj 2019 09:01:39 GMT" skipped="0">
  <testcase classname="dropDownListTest.DropDownListSelectionTest" name="test" time="14.544"/>
</testsuite> <!-- dropDownListTest.DropDownListSelectionTest -->
