<?xml version="1.0" encoding="UTF-8"?>
<!-- Generated by org.testng.reporters.JUnitReportReporter -->
<testsuite hostname="MC0YW51C" failures="0" tests="1" name="statusCodesTest.StatusCodePickerTest" time="36.758" errors="0" timestamp="20 maj 2019 13:23:59 GMT" skipped="0">
  <testcase classname="statusCodesTest.StatusCodePickerTest" name="test" time="36.758"/>
</testsuite> <!-- statusCodesTest.StatusCodePickerTest -->
