<?xml version="1.0" encoding="UTF-8"?>
<!-- Generated by org.testng.reporters.JUnitReportReporter -->
<testsuite hostname="MC0YW51C" failures="0" tests="1" name="testCasesZadania.TestCase2" time="47.191" errors="0" timestamp="21 maj 2019 07:36:13 GMT" skipped="0">
  <testcase classname="testCasesZadania.TestCase2" name="test" time="47.191"/>
</testsuite> <!-- testCasesZadania.TestCase2 -->
