<?xml version="1.0" encoding="UTF-8"?>
<!-- Generated by org.testng.reporters.JUnitReportReporter -->
<testsuite hostname="MC0YW51C" failures="0" tests="1" name="AlertFunctionTest" time="21.292" errors="0" timestamp="20 maj 2019 13:23:59 GMT" skipped="0">
  <testcase classname="AlertFunctionTest" name="test" time="21.292"/>
</testsuite> <!-- AlertFunctionTest -->
