<?xml version="1.0" encoding="UTF-8"?>
<!-- Generated by org.testng.reporters.JUnitReportReporter -->
<testsuite hostname="MC0YW51C" failures="0" tests="1" name="checkBoxesTest.CheckBoxesSelectionTest" time="12.608" errors="0" timestamp="21 maj 2019 09:01:39 GMT" skipped="0">
  <testcase classname="checkBoxesTest.CheckBoxesSelectionTest" name="test" time="12.608"/>
</testsuite> <!-- checkBoxesTest.CheckBoxesSelectionTest -->
