<?xml version="1.0" encoding="UTF-8"?>
<!-- Generated by org.testng.reporters.JUnitReportReporter -->
<testsuite hostname="MC0YW51C" failures="0" tests="1" name="testCasesZadania.testCase1Test" time="51.443" errors="0" timestamp="21 maj 2019 09:01:39 GMT" skipped="0">
  <testcase classname="testCasesZadania.testCase1Test" name="test" time="51.443"/>
</testsuite> <!-- testCasesZadania.testCase1Test -->
